<?xml version="1.0" encoding="UTF-8"?>
<!-- Generated by org.testng.reporters.JUnitReportReporter -->
<testsuite skipped="0" hostname="IN7-VMURALEED" name="com.unicourt.ui.search.CaseSearchTest" tests="1" failures="0" timestamp="01 Sep 2023 13:49:08 GMT" time="13.661" errors="0">
  <testcase name="caseSearch" time="13.661" classname="com.unicourt.ui.search.CaseSearchTest"/>
</testsuite> <!-- com.unicourt.ui.search.CaseSearchTest -->
