<?xml version="1.0" encoding="UTF-8"?>
<!-- Generated by org.testng.reporters.JUnitReportReporter -->
<testsuite skipped="0" hostname="IN7-VMURALEED" name="com.unicourt.ui.search.SearchCaseTest" tests="1" failures="0" timestamp="01 Sep 2023 13:49:47 GMT" time="21.832" errors="0">
  <testcase name="searchCourtCase" time="21.832" classname="com.unicourt.ui.search.SearchCaseTest"/>
</testsuite> <!-- com.unicourt.ui.search.SearchCaseTest -->
